[debug] [2022-02-15T02:49:14.182Z] ----------------------------------------------------------------------
[debug] [2022-02-15T02:49:14.187Z] Command:       /home/fast/.nvm/versions/node/v16.13.2/bin/node /home/fast/.nvm/versions/node/v16.13.2/bin/firebase deploy
[debug] [2022-02-15T02:49:14.188Z] CLI Version:   10.2.0
[debug] [2022-02-15T02:49:14.188Z] Platform:      linux
[debug] [2022-02-15T02:49:14.189Z] Node Version:  v16.13.2
[debug] [2022-02-15T02:49:14.190Z] Time:          Tue Feb 15 2022 05:49:14 GMT+0300 (heure normale d’Afrique de l’Est)
[debug] [2022-02-15T02:49:14.191Z] ----------------------------------------------------------------------
[debug] 
[debug] [2022-02-15T02:49:14.297Z] > command requires scopes: ["email","openid","https://www.googleapis.com/auth/cloudplatformprojects.readonly","https://www.googleapis.com/auth/firebase","https://www.googleapis.com/auth/cloud-platform"]
[debug] [2022-02-15T02:49:14.297Z] > authorizing via signed-in user (fastfabien56@gmail.com)
[debug] [2022-02-15T02:49:14.297Z] [iam] checking project popular-social-frontend for permissions ["firebase.projects.get","firebasehosting.sites.update"]
[debug] [2022-02-15T02:49:14.300Z] > refreshing access token with scopes: []
[debug] [2022-02-15T02:49:14.303Z] >>> HTTP REQUEST POST https://www.googleapis.com/oauth2/v3/token  
 <request body omitted>
[debug] [2022-02-15T02:49:14.344Z] [iam] error while checking permissions, command may fail: FirebaseError: Authentication Error: Your credentials are no longer valid. Please run firebase login --reauth

For CI servers and headless environments, generate a new token with firebase login:ci
[debug] [2022-02-15T02:49:14.344Z] > refreshing access token with scopes: []
[debug] [2022-02-15T02:49:14.345Z] >>> HTTP REQUEST POST https://www.googleapis.com/oauth2/v3/token  
 <request body omitted>
[debug] [2022-02-15T02:49:14.350Z] Authentication Error: Your credentials are no longer valid. Please run firebase login --reauth

For CI servers and headless environments, generate a new token with firebase login:ci
[debug] [2022-02-15T02:49:14.357Z] FirebaseError: Authentication Error: Your credentials are no longer valid. Please run firebase login --reauth

For CI servers and headless environments, generate a new token with firebase login:ci
    at invalidCredentialError (/home/fast/.nvm/versions/node/v16.13.2/lib/node_modules/firebase-tools/lib/auth.js:145:12)
    at refreshTokens (/home/fast/.nvm/versions/node/v16.13.2/lib/node_modules/firebase-tools/lib/auth.js:485:15)
    at processTicksAndRejections (node:internal/process/task_queues:96:5)
    at async Client.getAccessToken (/home/fast/.nvm/versions/node/v16.13.2/lib/node_modules/firebase-tools/lib/apiv2.js:147:23)
    at async Client.addAuthHeader (/home/fast/.nvm/versions/node/v16.13.2/lib/node_modules/firebase-tools/lib/apiv2.js:138:21)
    at async Client.request (/home/fast/.nvm/versions/node/v16.13.2/lib/node_modules/firebase-tools/lib/apiv2.js:94:34)
    at async getFirebaseProject (/home/fast/.nvm/versions/node/v16.13.2/lib/node_modules/firebase-tools/lib/management/projects.js:290:21)
    at async getDefaultHostingSite (/home/fast/.nvm/versions/node/v16.13.2/lib/node_modules/firebase-tools/lib/getDefaultHostingSite.js:8:21)
    at async requireHostingSite (/home/fast/.nvm/versions/node/v16.13.2/lib/node_modules/firebase-tools/lib/requireHostingSite.js:9:18)
    at async Object.fn (/home/fast/.nvm/versions/node/v16.13.2/lib/node_modules/firebase-tools/lib/commands/deploy.js:73:9)
    at async /home/fast/.nvm/versions/node/v16.13.2/lib/node_modules/firebase-tools/lib/command.js:188:17
[error] 
[error] Error: Failed to get Firebase project popular-social-frontend. Please make sure the project exists and your account has permission to access it.
